<?xml version="1.0" encoding="UTF-8"?>
<!-- Generated by org.testng.reporters.JUnitXMLReporter -->
<testsuite ignored="0" hostname="MC-S102299" failures="0" tests="17" name="Default test" time="15.383" errors="0" timestamp="2020-06-27T10:59:58 BST">
  <testcase classname="POM_Tests.LoginTest_testNG2_dataProvider" name="appleLoginTest" time="1.416"/>
  <testcase classname="POM_Tests.LoginTest_testNG2_dataProvider" name="appleLoginTest" time="0.665"/>
  <testcase classname="POM_Tests.LoginTest_testNG2_dataProvider" name="appleLoginTest" time="0.568"/>
  <testcase classname="POM_Tests.LoginTest_testNG2_dataProvider" name="appleLoginTest" time="0.643"/>
  <testcase classname="POM_Tests.LoginTest_testNG2_dataProvider" name="appleLoginTest" time="0.573"/>
  <testcase classname="POM_Tests.LoginTest_testNG2_dataProvider" name="appleLoginTest" time="0.624"/>
  <testcase classname="POM_Tests.LoginTest_testNG2_dataProvider" name="appleLoginTest" time="0.566"/>
  <testcase classname="POM_Tests.LoginTest_testNG2_dataProvider" name="appleLoginTest" time="0.579"/>
  <testcase classname="POM_Tests.LoginTest_testNG2_dataProvider" name="appleLoginTest" time="0.568"/>
  <testcase classname="POM_Tests.LoginTest_testNG2_dataProvider" name="appleLoginTest" time="0.588"/>
  <testcase classname="POM_Tests.LoginTest_testNG2_dataProvider" name="appleLoginTest" time="0.558"/>
  <testcase classname="POM_Tests.LoginTest_testNG2_dataProvider" name="appleLoginTest" time="0.684"/>
  <testcase classname="POM_Tests.LoginTest_testNG2_dataProvider" name="appleLoginTest" time="0.562"/>
  <testcase classname="POM_Tests.LoginTest_testNG2_dataProvider" name="appleLoginTest" time="0.637"/>
  <testcase classname="POM_Tests.LoginTest_testNG2_dataProvider" name="appleLoginTest" time="0.581"/>
  <testcase classname="POM_Tests.LoginTest_testNG2_dataProvider" name="appleLoginTest" time="0.601"/>
  <testcase classname="POM_Tests.LoginTest_testNG2_dataProvider" name="appleSearchTest" time="2.675"/>
</testsuite> <!-- Default test -->
