<?xml version="1.0" encoding="UTF-8"?>
<!-- Generated by org.testng.reporters.JUnitXMLReporter -->
<testsuite ignored="0" hostname="MC-S102299" failures="0" tests="72" name="Test" time="216.255" errors="0" timestamp="2020-06-27T11:05:03 BST">
  <testcase classname="POM_Tests.AppleSearchTest2_testNG" name="appleLoginTest" time="3.056"/>
  <testcase classname="POM_Tests.LoginTest_testNG2_dataProvider" name="appleLoginTest" time="3.082"/>
  <testcase classname="POM_Tests.LoginTest_testNG2_dataProvider" name="appleLoginTest" time="1.541"/>
  <testcase classname="POM_Tests.AppleSearchTest2_testNG" name="appleLoginTest" time="1.76"/>
  <testcase classname="POM_Tests.LoginTest_testNG2_dataProvider" name="appleLoginTest" time="1.862"/>
  <testcase classname="POM_Tests.AppleSearchTest2_testNG" name="appleLoginTest" time="1.903"/>
  <testcase classname="POM_Tests.ExtentReportsWithTestNG" name="test1" time="7.988"/>
  <testcase classname="utils.ExcelDataProvider" name="test1" time="7.666"/>
  <testcase classname="POM_Tests.LoginTest_testNG2_dataProvider" name="appleLoginTest" time="1.502"/>
  <testcase classname="POM_Tests.AppleSearchTest2_testNG" name="appleLoginTest" time="1.552"/>
  <testcase classname="POM_Tests.AppleSearchTest2_testNG_Demo" name="appleSearchTest" time="9.923"/>
  <testcase classname="POM_Tests.LoginTest_testNG2_dataProvider" name="appleLoginTest" time="2.037"/>
  <testcase classname="POM_Tests.AppleSearchTest2_testNG" name="appleLoginTest" time="1.851"/>
  <testcase classname="POM_Tests.LoginTest_testNG2_dataProvider" name="appleLoginTest" time="1.958"/>
  <testcase classname="POM_Tests.AppleSearchTest2_testNG" name="appleLoginTest" time="1.984"/>
  <testcase classname="POM_Tests.LoginTest_testNG2_dataProvider" name="appleLoginTest" time="1.507"/>
  <testcase classname="POM_Tests.AppleSearchTest2_testNG" name="appleLoginTest" time="1.44"/>
  <testcase classname="POM_Tests.LoginTest_testNG2_dataProvider" name="appleLoginTest" time="1.232"/>
  <testcase classname="utils.ExcelDataProvider" name="test1" time="7.328"/>
  <testcase classname="POM_Tests.AppleSearchTest2_testNG" name="appleLoginTest" time="1.477"/>
  <testcase classname="POM_Tests.LoginTest_testNG2_dataProvider" name="appleLoginTest" time="1.545"/>
  <testcase classname="POM_Tests.AppleSearchTest2_testNG" name="appleLoginTest" time="1.543"/>
  <testcase classname="POM_Tests.LoginTest_testNG2_dataProvider" name="appleLoginTest" time="1.353"/>
  <testcase classname="POM_Tests.AppleSearchTest2_testNG" name="appleLoginTest" time="1.463"/>
  <testcase classname="POM_Tests.LoginTest_testNG2_dataProvider" name="appleLoginTest" time="1.168"/>
  <testcase classname="POM_Tests.AppleSearchTest2_testNG" name="appleLoginTest" time="1.509"/>
  <testcase classname="POM_Tests.LoginTest_testNG2_dataProvider" name="appleLoginTest" time="1.359"/>
  <testcase classname="utils.ExcelDataProvider" name="test1" time="5.408"/>
  <testcase classname="POM_Tests.AppleSearchTest2_testNG" name="appleLoginTest" time="1.69"/>
  <testcase classname="POM_Tests.LoginTest_testNG2_dataProvider" name="appleLoginTest" time="1.256"/>
  <testcase classname="POM_Tests.AppleSearchTest2_testNG" name="appleLoginTest" time="1.495"/>
  <testcase classname="POM_Tests.LoginTest_testNG2_dataProvider" name="appleLoginTest" time="1.497"/>
  <testcase classname="POM_Tests.LoginTest_testNG2_dataProvider" name="appleLoginTest" time="1.298"/>
  <testcase classname="POM_Tests.AppleSearchTest2_testNG" name="appleLoginTest" time="1.527"/>
  <testcase classname="POM_Tests.LoginTest_testNG2_dataProvider" name="appleLoginTest" time="1.337"/>
  <testcase classname="POM_Tests.AppleSearchTest2_testNG" name="appleLoginTest" time="1.421"/>
  <testcase classname="utils.ExcelDataProvider" name="test1" time="5.737"/>
  <testcase classname="POM_Tests.AppleSearchTest2_testNG" name="appleLoginTest" time="1.585"/>
  <testcase classname="POM_Tests.LoginTest_testNG2_dataProvider" name="appleSearchTest" time="6.159"/>
  <testcase classname="utils.ExcelDataProvider" name="test1" time="6.06"/>
  <testcase classname="POM_Tests.AppleSearchTest2_testNG" name="appleSearchTest" time="5.947"/>
  <testcase classname="utils.ExcelDataProvider" name="test1" time="3.936"/>
  <testcase classname="utils.ExcelDataProvider" name="test1" time="2.699"/>
  <testcase classname="utils.ExcelDataProvider" name="test1" time="2.81"/>
  <testcase classname="utils.ExcelDataProvider" name="test1" time="2.941"/>
  <testcase classname="utils.ExcelDataProvider" name="test1" time="2.503"/>
  <testcase classname="utils.ExcelDataProvider" name="test1" time="2.627"/>
  <testcase classname="utils.ExcelDataProvider" name="test1" time="2.731"/>
  <testcase classname="utils.ExcelDataProvider" name="test1" time="2.53"/>
  <testcase classname="utils.ExcelDataProvider" name="test1" time="3.424"/>
  <testcase classname="utils.ExcelDataProvider" name="test1" time="4.547"/>
  <testcase classname="utils.ExcelDataProvider" name="test1" time="4.155"/>
  <testcase classname="utils.ExcelDataProvider" name="test2" time="3.779"/>
  <testcase classname="utils.ExcelDataProvider" name="test2" time="7.402"/>
  <testcase classname="utils.ExcelDataProvider" name="test2" time="3.189"/>
  <testcase classname="utils.ExcelDataProvider" name="test2" time="6.401"/>
  <testcase classname="utils.ExcelDataProvider" name="test2" time="2.866"/>
  <testcase classname="utils.ExcelDataProvider" name="test2" time="6.604"/>
  <testcase classname="utils.ExcelDataProvider" name="test2" time="3.679"/>
  <testcase classname="utils.ExcelDataProvider" name="test2" time="7.674"/>
  <testcase classname="utils.ExcelDataProvider" name="test2" time="4.025"/>
  <testcase classname="utils.ExcelDataProvider" name="test2" time="9.856"/>
  <testcase classname="utils.ExcelDataProvider" name="test2" time="4.885"/>
  <testcase classname="utils.ExcelDataProvider" name="test2" time="10.82"/>
  <testcase classname="utils.ExcelDataProvider" name="test2" time="5.933"/>
  <testcase classname="utils.ExcelDataProvider" name="test2" time="10.355"/>
  <testcase classname="utils.ExcelDataProvider" name="test2" time="5.448"/>
  <testcase classname="utils.ExcelDataProvider" name="test2" time="11.538"/>
  <testcase classname="utils.ExcelDataProvider" name="test2" time="7.667"/>
  <testcase classname="utils.ExcelDataProvider" name="test2" time="13.1"/>
  <testcase classname="utils.ExcelDataProvider" name="test2" time="7.108"/>
  <testcase classname="utils.ExcelDataProvider" name="test2" time="10.43"/>
</testsuite> <!-- Test -->
