<?xml version="1.0" encoding="UTF-8"?>
<testng-results ignored="0" total="1" passed="1" failed="0" skipped="0">
  <reporter-output>
  </reporter-output>
  <suite started-at="2020-06-27T11:23:41 BST" name="Default suite" finished-at="2020-06-27T11:23:47 BST" duration-ms="5854">
    <groups>
    </groups>
    <test started-at="2020-06-27T11:23:41 BST" name="Default test" finished-at="2020-06-27T11:23:47 BST" duration-ms="5854">
      <class name="POM_Tests.ExtentReportsWithTestNG">
        <test-method is-config="true" signature="setUp()[pri:0, instance:POM_Tests.ExtentReportsWithTestNG@d6e7bab]" started-at="2020-06-27T11:23:41 BST" name="setUp" finished-at="2020-06-27T11:23:43 BST" duration-ms="2112" status="PASS">
          <reporter-output>
          </reporter-output>
        </test-method> <!-- setUp -->
        <test-method signature="test1()[pri:0, instance:POM_Tests.ExtentReportsWithTestNG@d6e7bab]" started-at="2020-06-27T11:23:43 BST" name="test1" finished-at="2020-06-27T11:23:46 BST" duration-ms="3553" status="PASS">
          <reporter-output>
          </reporter-output>
        </test-method> <!-- test1 -->
        <test-method is-config="true" signature="tearDownTest()[pri:0, instance:POM_Tests.ExtentReportsWithTestNG@d6e7bab]" started-at="2020-06-27T11:23:46 BST" name="tearDownTest" finished-at="2020-06-27T11:23:47 BST" duration-ms="157" status="PASS">
          <reporter-output>
          </reporter-output>
        </test-method> <!-- tearDownTest -->
      </class> <!-- POM_Tests.ExtentReportsWithTestNG -->
    </test> <!-- Default test -->
  </suite> <!-- Default suite -->
</testng-results>
